d:\google drive\magistrale\primo anno\ti - teoria dell'informazione\esercizi laboratorio\ti4\ti4\debug\vc141.pdb
d:\google drive\magistrale\primo anno\ti - teoria dell'informazione\esercizi laboratorio\ti4\ti4\debug\vc141.idb
d:\google drive\magistrale\primo anno\ti - teoria dell'informazione\esercizi laboratorio\ti4\ti4\debug\random.obj
d:\google drive\magistrale\primo anno\ti - teoria dell'informazione\esercizi laboratorio\ti4\ti4\debug\ti4.obj
d:\google drive\magistrale\primo anno\ti - teoria dell'informazione\esercizi laboratorio\ti4\debug\ti4.ilk
d:\google drive\magistrale\primo anno\ti - teoria dell'informazione\esercizi laboratorio\ti4\debug\ti4.exe
d:\google drive\magistrale\primo anno\ti - teoria dell'informazione\esercizi laboratorio\ti4\debug\ti4.pdb
d:\google drive\magistrale\primo anno\ti - teoria dell'informazione\laboratorio\esercizi\ti4\ti4\debug\random.obj
d:\google drive\magistrale\primo anno\ti - teoria dell'informazione\laboratorio\esercizi\ti4\ti4\debug\ti4.obj
d:\google drive\magistrale\primo anno\ti - teoria dell'informazione\laboratorio\esercizi\ti4\ti4\debug\vc141.idb
d:\google drive\magistrale\primo anno\ti - teoria dell'informazione\laboratorio\esercizi\ti4\ti4\debug\vc141.pdb
d:\google drive\magistrale\primo anno\ti - teoria dell'informazione\laboratorio\esercizi\ti4\debug\ti4.pdb
d:\google drive\magistrale\primo anno\ti - teoria dell'informazione\laboratorio\esercizi\ti4\debug\ti4.exe
d:\google drive\magistrale\primo anno\ti - teoria dell'informazione\laboratorio\esercizi\ti4\debug\ti4.ilk
d:\google drive\magistrale\primo anno\ti - teoria dell'informazione\laboratorio\esercizi\ti4\ti4\debug\ti4.tlog\cl.command.1.tlog
d:\google drive\magistrale\primo anno\ti - teoria dell'informazione\laboratorio\esercizi\ti4\ti4\debug\ti4.tlog\cl.read.1.tlog
d:\google drive\magistrale\primo anno\ti - teoria dell'informazione\laboratorio\esercizi\ti4\ti4\debug\ti4.tlog\cl.write.1.tlog
d:\google drive\magistrale\primo anno\ti - teoria dell'informazione\laboratorio\esercizi\ti4\ti4\debug\ti4.tlog\link.command.1.tlog
d:\google drive\magistrale\primo anno\ti - teoria dell'informazione\laboratorio\esercizi\ti4\ti4\debug\ti4.tlog\link.read.1.tlog
d:\google drive\magistrale\primo anno\ti - teoria dell'informazione\laboratorio\esercizi\ti4\ti4\debug\ti4.tlog\link.write.1.tlog
